<?xml version="1.0" encoding="UTF-8"?>
<testsuite xmlns:xsi="http://www.w3.org/2001/XMLSchema-instance" xsi:noNamespaceSchemaLocation="https://maven.apache.org/surefire/maven-surefire-plugin/xsd/surefire-test-report.xsd" name="gr.aueb.dmst.PreferencesTest" time="0.013" tests="5" errors="0" skipped="0" failures="0">
  <properties>
[...]
</properties>
  <testcase name="testFavoriteIngredients" classname="gr.aueb.dmst.PreferencesTest" time="0"/>
  <testcase name="testWorstIngredients" classname="gr.aueb.dmst.PreferencesTest" time="0"/>
  <testcase name="testAllergy" classname="gr.aueb.dmst.PreferencesTest" time="0"/>
  <testcase name="testGetPreferenceId" classname="gr.aueb.dmst.PreferencesTest" time="0"/>
  <testcase name="testParameterizedConstructor" classname="gr.aueb.dmst.PreferencesTest" time="0"/>
</testsuite>