<?xml version="1.0" encoding="UTF-8"?>
<testsuite xmlns:xsi="http://www.w3.org/2001/XMLSchema-instance" xsi:noNamespaceSchemaLocation="https://maven.apache.org/surefire/maven-surefire-plugin/xsd/surefire-test-report.xsd" name="gr.aueb.dmst.DataFileTest" time="0.086" tests="4" errors="0" skipped="0" failures="0">
  <properties>
[...]
</properties>
  <testcase name="testByteCount" classname="gr.aueb.dmst.DataFileTest" time="0.06"/>
  <testcase name="testcreateFile" classname="gr.aueb.dmst.DataFileTest" time="0.001"/>
  <testcase name="testIsPathValid" classname="gr.aueb.dmst.DataFileTest" time="0"/>
  <testcase name="testDataWriterAndFileReader" classname="gr.aueb.dmst.DataFileTest" time="0.009"/>
</testsuite>